<?xml version="1.0" encoding="UTF-8"?>
<!-- Generated by org.testng.reporters.JUnitReportReporter -->
<testsuite hostname="LIN51006103" failures="0" tests="2" name="SwaglabsTestCases.Loginnegativescenario" time="4.257" errors="0" timestamp="2021-08-30T20:04:56 IST" skipped="0">
  <testcase classname="SwaglabsTestCases.Loginnegativescenario" name="initbrowser" time="3.473"/>
  <system-out/>
  <testcase classname="SwaglabsTestCases.Loginnegativescenario" name="login" time="0.784"/>
  <system-out/>
</testsuite> <!-- SwaglabsTestCases.Loginnegativescenario -->
