<?xml version="1.0" encoding="UTF-8"?>
<!-- Generated by org.testng.reporters.JUnitReportReporter -->
<testsuite hostname="LIN51006103" failures="0" tests="2" name="Frameworkdemo.Testcase" time="6.022" errors="0" timestamp="2021-08-14T11:44:09 IST" skipped="0">
  <testcase classname="Frameworkdemo.Testcase" name="initbrowse" time="5.921"/>
  <system-out/>
  <testcase classname="Frameworkdemo.Testcase" name="navigate" time="0.101"/>
  <system-out/>
</testsuite> <!-- Frameworkdemo.Testcase -->
