<?xml version="1.0" encoding="UTF-8"?>
<!-- Generated by org.testng.reporters.JUnitReportReporter -->
<testsuite hostname="LIN51006103" failures="0" tests="2" name="ExtendReports.TestExtentReport" time="9.689" errors="0" timestamp="2021-08-13T20:47:51 IST" skipped="0">
  <testcase classname="ExtendReports.TestExtentReport" name="driversetting" time="5.403"/>
  <system-out/>
  <testcase classname="ExtendReports.TestExtentReport" name="testalert" time="4.286"/>
  <system-out/>
</testsuite> <!-- ExtendReports.TestExtentReport -->
