<?xml version="1.0" encoding="UTF-8"?>
<!-- Generated by org.testng.reporters.JUnitReportReporter -->
<testsuite hostname="LIN51006103" failures="0" tests="2" name="SwaglabsTestCases.Verifylistofproducts" time="15.400" errors="0" timestamp="2021-08-30T20:04:56 IST" skipped="0">
  <testcase classname="SwaglabsTestCases.Verifylistofproducts" name="initbrowser" time="3.671"/>
  <system-out/>
  <testcase classname="SwaglabsTestCases.Verifylistofproducts" name="login" time="11.729"/>
  <system-out/>
</testsuite> <!-- SwaglabsTestCases.Verifylistofproducts -->
