<?xml version="1.0" encoding="UTF-8"?>
<!-- Generated by org.testng.reporters.JUnitReportReporter -->
<testsuite hostname="LIN51006103" failures="0" tests="2" name="SwaglabsTestCases.Loginpositivescenario" time="13.399" errors="0" timestamp="2021-08-30T20:04:56 IST" skipped="0">
  <testcase classname="SwaglabsTestCases.Loginpositivescenario" name="initbrowser" time="5.455"/>
  <system-out/>
  <testcase classname="SwaglabsTestCases.Loginpositivescenario" name="login" time="7.944"/>
  <system-out/>
</testsuite> <!-- SwaglabsTestCases.Loginpositivescenario -->
